<?xml version="1.0" encoding="UTF-8"?>
<testsuite name="com.example.currencyconvert.CurrencyConvertApplicationTests" tests="1" skipped="0" failures="0" errors="0" timestamp="2025-07-13T10:26:11.053Z" hostname="LAPTOP-IB1D3SIS" time="0.405">
  <properties/>
  <testcase name="contextLoads()" classname="com.example.currencyconvert.CurrencyConvertApplicationTests" time="0.405"/>
  <system-out><![CDATA[12:26:03.159 [Test worker] INFO org.springframework.test.context.support.AnnotationConfigContextLoaderUtils -- Could not detect default configuration classes for test class [com.example.currencyconvert.CurrencyConvertApplicationTests]: CurrencyConvertApplicationTests does not declare any static, non-private, non-final, nested classes annotated with @Configuration.
12:26:03.325 [Test worker] INFO org.springframework.boot.test.context.SpringBootTestContextBootstrapper -- Found @SpringBootConfiguration com.example.currencyconvert.CurrencyConvertApplication for test class com.example.currencyconvert.CurrencyConvertApplicationTests

  .   ____          _            __ _ _
 /\\ / ___'_ __ _ _(_)_ __  __ _ \ \ \ \
( ( )\___ | '_ | '_| | '_ \/ _` | \ \ \ \
 \\/  ___)| |_)| | | | | || (_| |  ) ) ) )
  '  |____| .__|_| |_|_| |_\__, | / / / /
 =========|_|==============|___/=/_/_/_/

 :: Spring Boot ::                (v3.5.3)

2025-07-13T12:26:03.937+02:00  INFO 28596 --- [currency-convert] [    Test worker] c.e.c.CurrencyConvertApplicationTests    : Starting CurrencyConvertApplicationTests using Java 17.0.4.1 with PID 28596 (started by dabch in C:\Users\dabch\IdeaProjects\currency-convert)
2025-07-13T12:26:03.938+02:00  INFO 28596 --- [currency-convert] [    Test worker] c.e.c.CurrencyConvertApplicationTests    : No active profile set, falling back to 1 default profile: "default"
2025-07-13T12:26:05.170+02:00  INFO 28596 --- [currency-convert] [    Test worker] .s.d.r.c.RepositoryConfigurationDelegate : Bootstrapping Spring Data JPA repositories in DEFAULT mode.
2025-07-13T12:26:05.390+02:00  INFO 28596 --- [currency-convert] [    Test worker] .s.d.r.c.RepositoryConfigurationDelegate : Finished Spring Data repository scanning in 201 ms. Found 1 JPA repository interface.
2025-07-13T12:26:06.256+02:00  INFO 28596 --- [currency-convert] [    Test worker] com.zaxxer.hikari.HikariDataSource       : HikariPool-1 - Starting...
2025-07-13T12:26:06.550+02:00  INFO 28596 --- [currency-convert] [    Test worker] com.zaxxer.hikari.pool.HikariPool        : HikariPool-1 - Added connection conn0: url=jdbc:h2:mem:testdb user=SA
2025-07-13T12:26:06.552+02:00  INFO 28596 --- [currency-convert] [    Test worker] com.zaxxer.hikari.HikariDataSource       : HikariPool-1 - Start completed.
2025-07-13T12:26:06.607+02:00  INFO 28596 --- [currency-convert] [    Test worker] org.flywaydb.core.FlywayExecutor         : Database: jdbc:h2:mem:testdb (H2 2.3)
2025-07-13T12:26:06.639+02:00  INFO 28596 --- [currency-convert] [    Test worker] o.f.c.i.s.JdbcTableSchemaHistory         : Schema history table "PUBLIC"."flyway_schema_history" does not exist yet
2025-07-13T12:26:06.642+02:00  INFO 28596 --- [currency-convert] [    Test worker] o.f.core.internal.command.DbValidate     : Successfully validated 0 migrations (execution time 00:00.013s)
2025-07-13T12:26:06.642+02:00  WARN 28596 --- [currency-convert] [    Test worker] o.f.core.internal.command.DbValidate     : No migrations found. Are your locations set up correctly?
2025-07-13T12:26:06.650+02:00  INFO 28596 --- [currency-convert] [    Test worker] o.f.c.i.s.JdbcTableSchemaHistory         : Creating Schema History table "PUBLIC"."flyway_schema_history" ...
2025-07-13T12:26:06.702+02:00  INFO 28596 --- [currency-convert] [    Test worker] o.f.core.internal.command.DbMigrate      : Current version of schema "PUBLIC": << Empty Schema >>
2025-07-13T12:26:06.705+02:00  INFO 28596 --- [currency-convert] [    Test worker] o.f.core.internal.command.DbMigrate      : Schema "PUBLIC" is up to date. No migration necessary.
2025-07-13T12:26:07.025+02:00  INFO 28596 --- [currency-convert] [    Test worker] o.hibernate.jpa.internal.util.LogHelper  : HHH000204: Processing PersistenceUnitInfo [name: default]
2025-07-13T12:26:07.162+02:00  INFO 28596 --- [currency-convert] [    Test worker] org.hibernate.Version                    : HHH000412: Hibernate ORM core version 6.6.18.Final
2025-07-13T12:26:07.222+02:00  INFO 28596 --- [currency-convert] [    Test worker] o.h.c.internal.RegionFactoryInitiator    : HHH000026: Second-level cache disabled
2025-07-13T12:26:07.683+02:00  INFO 28596 --- [currency-convert] [    Test worker] o.s.o.j.p.SpringPersistenceUnitInfo      : No LoadTimeWeaver setup: ignoring JPA class transformer
2025-07-13T12:26:07.781+02:00  INFO 28596 --- [currency-convert] [    Test worker] org.hibernate.orm.connections.pooling    : HHH10001005: Database info:
	Database JDBC URL [Connecting through datasource 'HikariDataSource (HikariPool-1)']
	Database driver: undefined/unknown
	Database version: 2.3.232
	Autocommit mode: undefined/unknown
	Isolation level: undefined/unknown
	Minimum pool size: undefined/unknown
	Maximum pool size: undefined/unknown
2025-07-13T12:26:08.809+02:00  INFO 28596 --- [currency-convert] [    Test worker] o.h.e.t.j.p.i.JtaPlatformInitiator       : HHH000489: No JTA platform available (set 'hibernate.transaction.jta.platform' to enable JTA platform integration)
2025-07-13T12:26:08.851+02:00  INFO 28596 --- [currency-convert] [    Test worker] j.LocalContainerEntityManagerFactoryBean : Initialized JPA EntityManagerFactory for persistence unit 'default'
2025-07-13T12:26:09.746+02:00  WARN 28596 --- [currency-convert] [    Test worker] JpaBaseConfiguration$JpaWebConfiguration : spring.jpa.open-in-view is enabled by default. Therefore, database queries may be performed during view rendering. Explicitly configure spring.jpa.open-in-view to disable this warning
2025-07-13T12:26:10.833+02:00  INFO 28596 --- [currency-convert] [    Test worker] o.s.b.a.h2.H2ConsoleAutoConfiguration    : H2 console available at '/h2-console'. Database available at 'jdbc:h2:mem:testdb'
2025-07-13T12:26:10.861+02:00  INFO 28596 --- [currency-convert] [    Test worker] o.s.b.a.e.web.EndpointLinksResolver      : Exposing 1 endpoint beneath base path '/actuator'
2025-07-13T12:26:10.974+02:00  INFO 28596 --- [currency-convert] [    Test worker] c.e.c.CurrencyConvertApplicationTests    : Started CurrencyConvertApplicationTests in 7.453 seconds (process running for 8.868)
]]></system-out>
  <system-err><![CDATA[]]></system-err>
</testsuite>
